<?xml version="1.0" encoding="UTF-8"?>
<!-- Generated by org.testng.reporters.JUnitXMLReporter -->
<testsuite ignored="3" hostname="PI-LT-4467L" failures="0" tests="1" name="Default test" time="27.131" errors="0" timestamp="2022-08-24T15:33:42 IST">
  <testcase classname="Framework.Basics" name="Swipe" time="6.682"/>
  <testcase classname="Framework.Basics" name="WiFiSettingName" time="0.0">
    <ignored/>
  </testcase> <!-- WiFiSettingName -->
  <testcase classname="Framework.Basics" name="scroll" time="0.0">
    <ignored/>
  </testcase> <!-- scroll -->
  <testcase classname="Framework.Basics" name="longPressGesture" time="0.0">
    <ignored/>
  </testcase> <!-- longPressGesture -->
</testsuite> <!-- Default test -->
