<?xml version="1.0" encoding="UTF-8"?>
<testng-results ignored="3" total="4" passed="1" failed="0" skipped="0">
  <reporter-output>
  </reporter-output>
  <suite started-at="2022-08-24T15:33:15 IST" name="Default suite" finished-at="2022-08-24T15:33:42 IST" duration-ms="27131">
    <groups>
    </groups>
    <test started-at="2022-08-24T15:33:15 IST" name="Default test" finished-at="2022-08-24T15:33:42 IST" duration-ms="27131">
      <class name="Framework.Basics">
        <test-method is-config="true" signature="Capablities()[pri:0, instance:Framework.Basics@5db6b9cd]" started-at="2022-08-24T15:33:15 IST" name="Capablities" finished-at="2022-08-24T15:33:35 IST" duration-ms="19878" status="PASS">
          <reporter-output>
          </reporter-output>
        </test-method> <!-- Capablities -->
        <test-method signature="Swipe()[pri:0, instance:Framework.Basics@5db6b9cd]" started-at="2022-08-24T15:33:35 IST" name="Swipe" finished-at="2022-08-24T15:33:42 IST" duration-ms="6682" status="PASS">
          <reporter-output>
          </reporter-output>
        </test-method> <!-- Swipe -->
        <test-method is-config="true" signature="tearDown()[pri:0, instance:Framework.Basics@5db6b9cd]" started-at="2022-08-24T15:33:42 IST" name="tearDown" finished-at="2022-08-24T15:33:42 IST" duration-ms="506" status="PASS">
          <reporter-output>
          </reporter-output>
        </test-method> <!-- tearDown -->
      </class> <!-- Framework.Basics -->
    </test> <!-- Default test -->
  </suite> <!-- Default suite -->
</testng-results>
